autoscan: warning: missing AC_CHECK_FUNCS([pow]) wanted by: 
	source_c/lyap_k.c:292
	source_c/lyap_k.c:298
	source_c/sav_gol.c:94
	source_c/sav_gol.c:103
	source_c/d2.c:381
	source_c/polynom.c:282
	source_c/resample.c:113
	source_c/resample.c:144
	source_c/boxcount.c:138
	source_c/boxcount.c:187
	source_c/boxcount.c:286
	unsupported/d2.c:307
	unsupported/lyap_k.cc:268
	unsupported/lyap_k.cc:272
autoscan: warning: missing AC_CHECK_FUNCS([sqrt]) wanted by: 
	source_c/ghkss.c:193
	source_c/ghkss.c:268
	source_c/fsle.c:228
	source_c/mem_spec.c:187
	source_c/onestep.c:225
	source_c/onestep.c:232
	source_c/ll-ar.c:341
	source_c/ll-ar.c:342
	source_c/false_nearest.c:273
	source_c/false_nearest.c:285
	source_c/false_nearest.c:290
	source_c/polyback.c:147
	source_c/nstat_z.c:431
	source_c/nstat_z.c:434
	source_c/rbf.c:97
	source_c/rbf.c:134
	source_c/rbf.c:206
	source_c/rbf.c:331
	source_c/rbf.c:344
	source_c/lm-ga.c:234
	source_c/lm-ga.c:235
	source_c/lyap_spec.c:309
	source_c/lyap_spec.c:526
	source_c/lyap_spec.c:530
	source_c/lyap_spec.c:539
	source_c/lyap_spec.c:543
	source_c/xzero.c:205
	source_c/xzero.c:213
	source_c/ar-model.c:171
	source_c/ar-model.c:293
	source_c/ar-model.c:327
	source_c/zeroth.c:264
	source_c/zeroth.c:286
	source_c/polynom.c:288
	source_c/polynom.c:292
	source_c/polynomp.c:146
	source_c/makenoise.c:109
	source_c/arima-model.c:236
	source_c/arima-model.c:489
	source_c/arima-model.c:515
	source_c/arima-model.c:578
	source_c/routines/eigen.c:17
	source_c/routines/eigen.c:19
	source_c/routines/eigen.c:41
	source_c/routines/eigen.c:41
	source_c/routines/variance.c:20
	source_c/routines/rand.c:123
	unsupported/eigen.c:35
	unsupported/eigen.c:37
	unsupported/eigen.c:59
	unsupported/eigen.c:59
	unsupported/dft.c:36
	unsupported/dft.c:65
	unsupported/noise.c:109
	unsupported/sing.c:641
	unsupported/rand.c:139
	unsupported/surrogates.c:121
	unsupported/surrogates.c:122
autoscan: warning: missing AC_CHECK_FUNCS([strrchr]) wanted by: 
	unsupported/arguments.c:176
	unsupported/arguments.c:179
autoscan: warning: missing AC_CHECK_FUNCS([strstr]) wanted by: 
	source_c/av-d2.c:117
autoscan: warning: missing AC_CHECK_HEADERS([stddef.h]) wanted by: 
	source_c/routines/eigen.c:4
	unsupported/eigen.c:3
	unsupported/clean.c:3
	unsupported/dft.c:5
	unsupported/surro.c:5
	unsupported/noise.c:8
	unsupported/timerev.c:10
	unsupported/sing.c:42
	unsupported/arguments.c:6
	unsupported/autocor3.c:10
	unsupported/surrogates.c:11
autoscan: warning: missing AC_FUNC_ERROR_AT_LINE wanted by: 
	unsupported/make_ps.cc:29
	unsupported/make_ps.cc:151
autoscan: warning: missing AC_FUNC_MALLOC wanted by: 
	source_c/polypar.c:91
	source_c/recurr.c:197
	source_c/recurr.c:198
	source_c/recurr.c:200
	source_c/ghkss.c:168
	source_c/ghkss.c:270
	source_c/ghkss.c:272
	source_c/ghkss.c:274
	source_c/ghkss.c:275
	source_c/ghkss.c:277
	source_c/ghkss.c:289
	source_c/ghkss.c:291
	source_c/ghkss.c:292
	source_c/ghkss.c:293
	source_c/ghkss.c:295
	source_c/ghkss.c:296
	source_c/ghkss.c:297
	source_c/ghkss.c:298
	source_c/ghkss.c:299
	source_c/ghkss.c:301
	source_c/fsle.c:231
	source_c/fsle.c:239
	source_c/fsle.c:240
	source_c/mem_spec.c:78
	source_c/mem_spec.c:79
	source_c/mem_spec.c:171
	source_c/onestep.c:99
	source_c/onestep.c:100
	source_c/onestep.c:102
	source_c/onestep.c:178
	source_c/onestep.c:183
	source_c/onestep.c:184
	source_c/onestep.c:185
	source_c/onestep.c:186
	source_c/onestep.c:187
	source_c/onestep.c:189
	source_c/ll-ar.c:273
	source_c/ll-ar.c:274
	source_c/ll-ar.c:275
	source_c/ll-ar.c:276
	source_c/ll-ar.c:278
	source_c/ll-ar.c:279
	source_c/ll-ar.c:280
	source_c/ll-ar.c:281
	source_c/ll-ar.c:283
	source_c/ll-ar.c:284
	source_c/ll-ar.c:285
	source_c/ll-ar.c:286
	source_c/ll-ar.c:287
	source_c/ll-ar.c:288
	source_c/ll-ar.c:289
	source_c/false_nearest.c:223
	source_c/false_nearest.c:224
	source_c/false_nearest.c:225
	source_c/false_nearest.c:227
	source_c/false_nearest.c:238
	source_c/false_nearest.c:239
	source_c/lyap_k.c:170
	source_c/lyap_k.c:171
	source_c/lyap_k.c:173
	source_c/lyap_k.c:174
	source_c/lyap_k.c:176
	source_c/lyap_k.c:277
	source_c/lyap_k.c:278
	source_c/lyap_k.c:279
	source_c/lyap_k.c:281
	source_c/lyap_k.c:282
	source_c/lyap_k.c:284
	source_c/lyap_k.c:285
	source_c/lyap_k.c:287
	source_c/polyback.c:99
	source_c/polyback.c:100
	source_c/polyback.c:102
	source_c/polyback.c:205
	source_c/polyback.c:207
	source_c/polyback.c:211
	source_c/polyback.c:221
	source_c/polyback.c:222
	source_c/polyback.c:225
	source_c/polyback.c:258
	source_c/polyback.c:259
	source_c/polyback.c:261
	source_c/lyap_r.c:198
	source_c/lyap_r.c:199
	source_c/lyap_r.c:200
	source_c/lyap_r.c:201
	source_c/nstat_z.c:139
	source_c/nstat_z.c:234
	source_c/nstat_z.c:235
	source_c/nstat_z.c:238
	source_c/nstat_z.c:240
	source_c/nstat_z.c:340
	source_c/nstat_z.c:341
	source_c/nstat_z.c:342
	source_c/nstat_z.c:343
	source_c/nstat_z.c:344
	source_c/nstat_z.c:347
	source_c/nstat_z.c:358
	source_c/nrlazy.c:192
	source_c/nrlazy.c:193
	source_c/nrlazy.c:204
	source_c/nrlazy.c:205
	source_c/nrlazy.c:206
	source_c/nrlazy.c:208
	source_c/nrlazy.c:210
	source_c/nrlazy.c:211
	source_c/nrlazy.c:213
	source_c/nrlazy.c:214
	source_c/nrlazy.c:237
	source_c/rbf.c:119
	source_c/rbf.c:151
	source_c/rbf.c:153
	source_c/rbf.c:154
	source_c/rbf.c:215
	source_c/rbf.c:277
	source_c/rbf.c:278
	source_c/rbf.c:280
	source_c/low121.c:102
	source_c/sav_gol.c:83
	source_c/sav_gol.c:85
	source_c/sav_gol.c:86
	source_c/sav_gol.c:88
	source_c/lm-ga.c:176
	source_c/lm-ga.c:177
	source_c/lm-ga.c:178
	source_c/lm-ga.c:179
	source_c/lm-ga.c:181
	source_c/lm-ga.c:182
	source_c/lm-ga.c:183
	source_c/lm-ga.c:184
	source_c/lm-ga.c:185
	source_c/pca.c:119
	source_c/pca.c:120
	source_c/pca.c:121
	source_c/pca.c:122
	source_c/pca.c:124
	source_c/pca.c:208
	source_c/pca.c:301
	source_c/mutual.c:145
	source_c/mutual.c:146
	source_c/mutual.c:147
	source_c/mutual.c:149
	source_c/mutual.c:150
	source_c/d2.c:135
	source_c/d2.c:136
	source_c/d2.c:137
	source_c/d2.c:138
	source_c/d2.c:185
	source_c/d2.c:364
	source_c/d2.c:365
	source_c/d2.c:372
	source_c/d2.c:373
	source_c/d2.c:374
	source_c/d2.c:376
	source_c/d2.c:377
	source_c/d2.c:378
	source_c/av-d2.c:94
	source_c/av-d2.c:95
	source_c/lyap_spec.c:197
	source_c/lyap_spec.c:291
	source_c/lyap_spec.c:292
	source_c/lyap_spec.c:294
	source_c/lyap_spec.c:329
	source_c/lyap_spec.c:331
	source_c/lyap_spec.c:407
	source_c/lyap_spec.c:408
	source_c/lyap_spec.c:409
	source_c/lyap_spec.c:410
	source_c/lyap_spec.c:411
	source_c/lyap_spec.c:422
	source_c/lyap_spec.c:437
	source_c/lyap_spec.c:439
	source_c/lyap_spec.c:441
	source_c/lyap_spec.c:442
	source_c/lyap_spec.c:444
	source_c/lyap_spec.c:446
	source_c/lyap_spec.c:447
	source_c/lyap_spec.c:448
	source_c/lyap_spec.c:449
	source_c/lyap_spec.c:451
	source_c/lyap_spec.c:453
	source_c/lyap_spec.c:454
	source_c/lyap_spec.c:456
	source_c/lyap_spec.c:484
	source_c/nstep.c:162
	source_c/nstep.c:324
	source_c/nstep.c:325
	source_c/nstep.c:334
	source_c/nstep.c:336
	source_c/nstep.c:337
	source_c/nstep.c:339
	source_c/nstep.c:340
	source_c/nstep.c:341
	source_c/nstep.c:343
	source_c/nstep.c:345
	source_c/nstep.c:346
	source_c/nstep.c:347
	source_c/nstep.c:348
	source_c/nstep.c:350
	source_c/xzero.c:163
	source_c/xzero.c:164
	source_c/xzero.c:165
	source_c/xzero.c:166
	source_c/xzero.c:167
	source_c/xzero.c:172
	source_c/ar-model.c:142
	source_c/ar-model.c:157
	source_c/ar-model.c:181
	source_c/ar-model.c:183
	source_c/ar-model.c:262
	source_c/ar-model.c:271
	source_c/ar-model.c:272
	source_c/ar-model.c:274
	source_c/ar-model.c:276
	source_c/ar-model.c:283
	source_c/ar-model.c:285
	source_c/histogram.c:111
	source_c/zeroth.c:187
	source_c/zeroth.c:188
	source_c/zeroth.c:189
	source_c/zeroth.c:190
	source_c/zeroth.c:199
	source_c/zeroth.c:200
	source_c/zeroth.c:201
	source_c/zeroth.c:202
	source_c/zeroth.c:203
	source_c/zeroth.c:204
	source_c/zeroth.c:205
	source_c/zeroth.c:207
	source_c/zeroth.c:208
	source_c/zeroth.c:214
	source_c/polynom.c:127
	source_c/polynom.c:128
	source_c/polynom.c:130
	source_c/polynom.c:264
	source_c/polynom.c:268
	source_c/polynom.c:271
	source_c/polynomp.c:97
	source_c/polynomp.c:98
	source_c/polynomp.c:100
	source_c/polynomp.c:225
	source_c/polynomp.c:227
	source_c/polynomp.c:240
	source_c/delay.c:108
	source_c/delay.c:154
	source_c/delay.c:225
	source_c/delay.c:239
	source_c/resample.c:105
	source_c/resample.c:107
	source_c/resample.c:108
	source_c/resample.c:109
	source_c/makenoise.c:176
	source_c/makenoise.c:178
	source_c/makenoise.c:184
	source_c/boxcount.c:94
	source_c/boxcount.c:96
	source_c/boxcount.c:116
	source_c/boxcount.c:117
	source_c/boxcount.c:165
	source_c/boxcount.c:166
	source_c/boxcount.c:270
	source_c/boxcount.c:271
	source_c/boxcount.c:272
	source_c/boxcount.c:275
	source_c/arima-model.c:110
	source_c/arima-model.c:113
	source_c/arima-model.c:128
	source_c/arima-model.c:131
	source_c/arima-model.c:203
	source_c/arima-model.c:218
	source_c/arima-model.c:246
	source_c/arima-model.c:248
	source_c/arima-model.c:290
	source_c/arima-model.c:292
	source_c/arima-model.c:381
	source_c/arima-model.c:401
	source_c/arima-model.c:402
	source_c/arima-model.c:404
	source_c/arima-model.c:406
	source_c/arima-model.c:413
	source_c/arima-model.c:415
	source_c/arima-model.c:437
	source_c/arima-model.c:439
	source_c/arima-model.c:445
	source_c/arima-model.c:447
	source_c/arima-model.c:448
	source_c/arima-model.c:462
	source_c/arima-model.c:463
	source_c/arima-model.c:465
	source_c/arima-model.c:467
	source_c/routines/get_multi_series.c:49
	source_c/routines/get_multi_series.c:80
	source_c/routines/get_multi_series.c:90
	source_c/routines/get_multi_series.c:92
	source_c/routines/rand.c:45
	source_c/routines/rand.c:46
	source_c/routines/rand.c:47
	source_c/routines/rand.c:48
	source_c/routines/get_series.c:28
	source_c/routines/invert_matrix.c:17
	source_c/routines/invert_matrix.c:19
	source_c/routines/invert_matrix.c:22
	source_c/routines/invert_matrix.c:24
	source_c/routines/invert_matrix.c:27
	source_c/routines/make_multi_index.c:21
	source_c/routines/make_multi_index.c:23
	unsupported/histogram_tisean2.1.c:157
	unsupported/histogram_tisean2.1.c:158
	unsupported/rank.c:26
	unsupported/rank.c:127
	unsupported/svd.c:99
	unsupported/svd.c:100
	unsupported/svd.c:101
	unsupported/svd.c:102
	unsupported/svd.c:103
	unsupported/svd.c:105
	unsupported/clean.c:15
	unsupported/clean.c:17
	unsupported/clean.c:45
	unsupported/clean.c:56
	unsupported/clean.c:57
	unsupported/clean.c:92
	unsupported/dft.c:22
	unsupported/dft.c:53
	unsupported/dft.c:84
	unsupported/dft.c:108
	unsupported/surro.c:40
	unsupported/surro.c:41
	unsupported/surro.c:42
	unsupported/noise.c:87
	unsupported/d2.c:115
	unsupported/d2.c:116
	unsupported/d2.c:117
	unsupported/d2.c:118
	unsupported/d2.c:164
	unsupported/d2.c:296
	unsupported/d2.c:297
	unsupported/d2.c:298
	unsupported/d2.c:299
	unsupported/d2.c:300
	unsupported/d2.c:302
	unsupported/d2.c:303
	unsupported/d2.c:304
	unsupported/make_ps.cc:128
	unsupported/make_ps.cc:129
	unsupported/make_ps.cc:130
	unsupported/rand.c:37
	unsupported/rand.c:38
	unsupported/rand.c:39
	unsupported/rand.c:40
	unsupported/rand.c:41
	unsupported/surrogates.c:91
	unsupported/surrogates.c:92
	unsupported/surrogates.c:93
autoscan: warning: missing AC_FUNC_REALLOC wanted by: 
	source_c/av-d2.c:134
	source_c/av-d2.c:135
	source_c/boxcount.c:128
	source_c/boxcount.c:177
	source_c/routines/get_multi_series.c:106
	source_c/routines/get_multi_series.c:129
	source_c/routines/get_multi_series.c:167
	source_c/routines/myfgets.c:22
	source_c/routines/get_series.c:41
	source_c/routines/get_series.c:63
	source_c/routines/get_series.c:87
	unsupported/eigen.c:164
	unsupported/eigen.c:165
	unsupported/clean.c:91
	unsupported/noise.c:93
	unsupported/noise.c:94
	unsupported/timerev.c:79
	unsupported/autocor3.c:86
	unsupported/surrogates.c:83
autoscan: warning: missing AC_PREREQ wanted by: 
	autoscan
autoscan: warning: missing AC_PROG_CXX wanted by: 
	bins.sh:10
	bins.sh:13
	bins.sh:15
	bins.sh:26
	bins.sh:29
	bins.sh:37
	bins.sh:40
	unsupported/delay.cc
	unsupported/histogram.cc
	unsupported/lyap_k.cc
	unsupported/make_ps.cc
