This file contains any messages produced by compilers while
running configure, to aid debugging if configure makes a mistake.

configure:532: checking whether /Users/benfulcher is a directory and writeable
configure:553: checking whether (cc  ) works
conftest.c:2:1: warning: type specifier missing, defaults to 'int' [-Wimplicit-int]
main(int argc,char **argv){return(0);}
^~~~
1 warning generated.
configure:584: checking whether cc accepts -O3
configure:603: checking for main in -lm
configure:618: cc -o conftest -O3   conftest.c -lm   1>&5
configure:647: checking how to run the C preprocessor
configure:668: cc -E  conftest.c >/dev/null 2>conftest.out
configure:727: checking for ANSI C header files
configure:740: cc -E  conftest.c >/dev/null 2>conftest.out
configure:807: cc -o conftest -O3   conftest.c -lm  1>&5
configure:802:67: warning: implicitly declaring library function 'exit' with type 'void (int) __attribute__((noreturn))'
if (XOR (islower (i), ISLOWER (i)) || toupper (i) != TOUPPER (i)) exit(2);
                                                                  ^
configure:802:67: note: please include the header <stdlib.h> or explicitly provide a declaration for 'exit'
1 warning generated.
configure:834: checking for limits.h
configure:844: cc -E  conftest.c >/dev/null 2>conftest.out
configure:834: checking for malloc.h
configure:844: cc -E  conftest.c >/dev/null 2>conftest.out
configure:840:10: fatal error: 'malloc.h' file not found
#include <malloc.h>
         ^
1 error generated.
configure: failed program was:
#line 839 "configure"
#include "confdefs.h"
#include <malloc.h>
configure:872: checking for working const
configure:926: cc -c -O3  conftest.c 1>&5
configure:951: checking for size_t
configure:985: checking for 8-bit clean memcmp
configure:1003: cc -o conftest -O3   conftest.c -lm  1>&5
configure:995:1: warning: type specifier missing, defaults to 'int' [-Wimplicit-int]
main()
^~~~
configure:998:3: warning: implicitly declaring library function 'exit' with type 'void (int) __attribute__((noreturn))'
  exit(memcmp(&c0, &c2, 1) < 0 && memcmp(&c1, &c2, 1) < 0 ? 0 : 1);
  ^
configure:998:3: note: please include the header <stdlib.h> or explicitly provide a declaration for 'exit'
configure:998:8: warning: implicitly declaring library function 'memcmp' with type 'int (const void *, const void *, unsigned long)'
  exit(memcmp(&c0, &c2, 1) < 0 && memcmp(&c1, &c2, 1) < 0 ? 0 : 1);
       ^
configure:998:8: note: please include the header <string.h> or explicitly provide a declaration for 'memcmp'
3 warnings generated.
configure:1030: checking whether (gfortran  ) works
configure:1070: checking whether gfortran accepts -O
configure:1101: checking whether Fortran unit 0 is stderr
configure:1132: checking for ar
configure:1161: checking whether ar accepts r
ar: creating archive libtest.a
configure:1210: checking for a BSD compatible install
configure:1263: checking whether make sets ${MAKE}
configure:1292: checking for ranlib
configure:1325: checking for gnuplot
