c1 (Wuppertal Fortran)
surrogates (Wuppertal Fortran)
lorenz (Wuppertal Fortran)
xrecur (Wuppertal Fortran)
poincare (Dresden C)
extrema (Dresden C)
rescale (Dresden C)
recurr (Dresden C)
corr (Dresden C)
mutual (Dresden C)
false_nearest (Dresden C)
lyap_r (Dresden C)
lyap_k (Dresden C)
lyap_spec (Dresden C)
d2 (Dresden C)
av-d2 (Dresden C)
makenoise (Dresden C)
nrlazy (Dresden C)
low121 (Dresden C)
lzo-test (Dresden C)
lfo-run (Dresden C)
lfo-test (Dresden C)
rbf (Dresden C)
polynom (Dresden C)
polyback (Dresden C)
polynomp (Dresden C)
polypar (Dresden C)
ar-model (Dresden C)
mem_spec (Dresden C)
pca (Dresden C)
ghkss (Dresden C)
lfo-ar (Dresden C)
xzero (Dresden C)
xcor (Dresden C)
boxcount (Dresden C)
fsle (Dresden C)
resample (Dresden C)
histogram (Dresden C)
nstat_z (Dresden C)
sav_gol (Dresden C)
delay (Dresden C)
lzo-gm (Dresden C)
arima-model (Dresden C)
lzo-run (Dresden C)
