This is pdfeTeX, Version 3.141592-1.21a-2.2 (Web2C 7.5.4) (format=latex 2005.11.16)  18 FEB 2009 18:07
entering extended mode
**./images.tex
(./images.tex
LaTeX2e <2003/12/01>
Babel <v3.8d> and hyphenation patterns for american, french, german, ngerman, b
ahasa, basque, bulgarian, catalan, croatian, czech, danish, dutch, esperanto, e
stonian, finnish, greek, icelandic, irish, italian, latin, magyar, norsk, polis
h, portuges, romanian, russian, serbian, slovak, slovene, spanish, swedish, tur
kish, ukrainian, nohyphenation, loaded.

(/dpi/teTeX/share/texmf-dist/tex/latex/base/report.cls
Document Class: report 2004/02/16 v1.4f Standard LaTeX document class
(/dpi/teTeX/share/texmf-dist/tex/latex/base/size10.clo
File: size10.clo 2004/02/16 v1.4f Standard LaTeX file (size option)
)
\c@part=\count79
\c@chapter=\count80
\c@section=\count81
\c@subsection=\count82
\c@subsubsection=\count83
\c@paragraph=\count84
\c@subparagraph=\count85
\c@figure=\count86
\c@table=\count87
\abovecaptionskip=\skip41
\belowcaptionskip=\skip42
\bibindent=\dimen102
) (/dpi/teTeX/share/texmf-dist/tex/latex/base/ifthen.sty
Package: ifthen 2001/05/26 v1.1c Standard LaTeX ifthen package (DPC)
) (/dpi/teTeX/share/texmf-local/tex/latex/latex2html/html.sty (/dpi/teTeX/share
/texmf-dist/tex/latex/hyperref/hyperref.sty
Package: hyperref 2003/11/30 v6.74m Hypertext links for LaTeX
(/dpi/teTeX/share/texmf-dist/tex/latex/graphics/keyval.sty
Package: keyval 1999/03/16 v1.13 key=value parser (DPC)
\KV@toks@=\toks14
)
\@linkdim=\dimen103
\Hy@linkcounter=\count88
\Hy@pagecounter=\count89
(/dpi/teTeX/share/texmf-dist/tex/latex/hyperref/pd1enc.def
File: pd1enc.def 2003/11/30 v6.74m Hyperref: PDFDocEncoding definition (HO)
) (/dpi/teTeX/share/texmf-dist/tex/latex/hyperref/hyperref.cfg
File: hyperref.cfg 2002/06/06 v1.2 hyperref configuration of TeXLive and teTeX
)
Package hyperref Info: Hyper figures OFF on input line 1880.
Package hyperref Info: Link nesting OFF on input line 1885.
Package hyperref Info: Hyper index ON on input line 1888.
Package hyperref Info: Plain pages ON on input line 1893.
Package hyperref Info: Backreferencing OFF on input line 1900.
Implicit mode ON; LaTeX internals redefined
Package hyperref Info: Bookmarks ON on input line 2004.
(/dpi/teTeX/share/texmf-local/tex/latex/latex2html/url.sty
Package: url 1999/03/02  ver 1.4  Verb mode for urls, email addresses, and file
 names
)
LaTeX Info: Redefining \url on input line 2143.
\Fld@menulength=\count90
\Field@Width=\dimen104
\Fld@charsize=\dimen105
\Choice@toks=\toks15
\Field@toks=\toks16
Package hyperref Info: Hyper figures OFF on input line 2618.
Package hyperref Info: Link nesting OFF on input line 2623.
Package hyperref Info: Hyper index ON on input line 2626.
Package hyperref Info: backreferencing OFF on input line 2633.
Package hyperref Info: Link coloring OFF on input line 2638.
\c@Item=\count91
\c@Hfootnote=\count92
)
*hyperref using default driver hdvips*
(/dpi/teTeX/share/texmf-dist/tex/latex/hyperref/hdvips.def
File: hdvips.def 2003/11/30 v6.74m Hyperref driver for dvips
(/dpi/teTeX/share/texmf-dist/tex/latex/hyperref/pdfmark.def
File: pdfmark.def 2003/11/30 v6.74m Hyperref definitions for pdfmark specials
\pdf@docset=\toks17
\pdf@box=\box26
\pdf@toks=\toks18
\pdf@defaulttoks=\toks19
\Fld@listcount=\count93
\@outlinefile=\write3
))
Package: html 1999/07/19 v1.38 hypertext commands for latex2html (nd, hws, rrm)

\c@lpart=\count94
\c@lchapter=\count95
\c@lsection=\count96
\c@lsubsection=\count97
\c@lsubsubsection=\count98
\c@lparagraph=\count99
\c@lsubparagraph=\count100
\c@lsubsubparagraph=\count101
\ptrfile=\write4
) (/dpi/teTeX/share/texmf-dist/tex/latex/graphics/graphicx.sty
Package: graphicx 1999/02/16 v1.0f Enhanced LaTeX Graphics (DPC,SPQR)
(/dpi/teTeX/share/texmf-dist/tex/latex/graphics/graphics.sty
Package: graphics 2001/07/07 v1.0n Standard LaTeX Graphics (DPC,SPQR)
(/dpi/teTeX/share/texmf-dist/tex/latex/graphics/trig.sty
Package: trig 1999/03/16 v1.09 sin cos tan (DPC)
) (/dpi/teTeX/share/texmf-dist/tex/latex/graphics/graphics.cfg
File: graphics.cfg 2005/02/03 v1.3 graphics configuration of teTeX/TeXLive
)
Package graphics Info: Driver file: dvips.def on input line 80.
(/dpi/teTeX/share/texmf-dist/tex/latex/graphics/dvips.def
File: dvips.def 1999/02/16 v3.0i Driver-dependant file (DPC,SPQR)
))
\Gin@req@height=\dimen106
\Gin@req@width=\dimen107
) (/dpi/teTeX/share/texmf-dist/tex/latex/amsmath/amsmath.sty
Package: amsmath 2000/07/18 v2.13 AMS math features
\@mathmargin=\skip43
For additional information on amsmath, use the `?' option.
(/dpi/teTeX/share/texmf-dist/tex/latex/amsmath/amstext.sty
Package: amstext 2000/06/29 v2.01
(/dpi/teTeX/share/texmf-dist/tex/latex/amsmath/amsgen.sty
File: amsgen.sty 1999/11/30 v2.0
\@emptytoks=\toks20
\ex@=\dimen108
)) (/dpi/teTeX/share/texmf-dist/tex/latex/amsmath/amsbsy.sty
Package: amsbsy 1999/11/29 v1.2d
\pmbraise@=\dimen109
) (/dpi/teTeX/share/texmf-dist/tex/latex/amsmath/amsopn.sty
Package: amsopn 1999/12/14 v2.01 operator names
)
\inf@bad=\count102
LaTeX Info: Redefining \frac on input line 211.
\uproot@=\count103
\leftroot@=\count104
LaTeX Info: Redefining \overline on input line 307.
\classnum@=\count105
\DOTSCASE@=\count106
LaTeX Info: Redefining \ldots on input line 379.
LaTeX Info: Redefining \dots on input line 382.
LaTeX Info: Redefining \cdots on input line 467.
\Mathstrutbox@=\box27
\strutbox@=\box28
\big@size=\dimen110
LaTeX Font Info:    Redeclaring font encoding OML on input line 567.
LaTeX Font Info:    Redeclaring font encoding OMS on input line 568.
\macc@depth=\count107
\c@MaxMatrixCols=\count108
\dotsspace@=\muskip10
\c@parentequation=\count109
\dspbrk@lvl=\count110
\tag@help=\toks21
\row@=\count111
\column@=\count112
\maxfields@=\count113
\andhelp@=\toks22
\eqnshift@=\dimen111
\alignsep@=\dimen112
\tagshift@=\dimen113
\tagwidth@=\dimen114
\totwidth@=\dimen115
\lineht@=\dimen116
\@envbody=\toks23
\multlinegap=\skip44
\multlinetaggap=\skip45
\mathdisplay@stack=\toks24
LaTeX Info: Redefining \[ on input line 2666.
LaTeX Info: Redefining \] on input line 2667.
) (/dpi/teTeX/share/texmf-dist/tex/latex/float/float.sty
Package: float 2001/11/08 v1.3d Float enhancements (AL)
\c@float@type=\count114
\float@exts=\toks25
\float@box=\box29
\@float@everytoks=\toks26
\@floatcapt=\box30
) (/dpi/teTeX/share/texmf-dist/tex/latex/listings/listings.sty
\lst@mode=\count115
\lst@gtempboxa=\box31
\lst@token=\toks27
\lst@length=\count116
\lst@currlwidth=\dimen117
\lst@column=\count117
\lst@pos=\count118
\lst@lostspace=\dimen118
\lst@width=\dimen119
\lst@newlines=\count119
\lst@lineno=\count120
\c@lstlisting=\count121
\lst@maxwidth=\dimen120
(/dpi/teTeX/share/texmf-dist/tex/latex/listings/lstpatch.sty
File: lstpatch.sty 2004/10/17 1.3b (Carsten Heinz)
) (/dpi/teTeX/share/texmf-dist/tex/latex/listings/lstmisc.sty
File: lstmisc.sty 2004/09/07 1.3 (Carsten Heinz)
\c@lstnumber=\count122
\lst@skipnumbers=\count123
\lst@framebox=\box32
) (/dpi/teTeX/share/texmf-dist/tex/latex/listings/listings.cfg
File: listings.cfg 2004/09/05 1.3 listings configuration
))
Package: listings 2004/10/17 1.3b (Carsten Heinz)
(/dpi/teTeX/share/texmf-dist/tex/latex/listings/lstlang1.sty
File: lstlang1.sty 2004/09/05 1.3 listings language file
) (/dpi/teTeX/share/texmf-dist/tex/latex/graphics/color.sty
Package: color 1999/02/16 v1.0i Standard LaTeX Color (DPC)
(/dpi/teTeX/share/texmf-dist/tex/latex/graphics/color.cfg
File: color.cfg 2005/02/03 v1.3 color configuration of teTeX/TeXLive
)
Package color Info: Driver file: dvips.def on input line 125.
(/dpi/teTeX/share/texmf-dist/tex/latex/graphics/dvipsnam.def
File: dvipsnam.def 1999/02/16 v3.0i Driver-dependant file (DPC,SPQR)
)) (/dpi/teTeX/share/texmf-dist/tex/latex/base/inputenc.sty
Package: inputenc 2004/02/05 v1.0d Input encoding file
(/dpi/teTeX/share/texmf-dist/tex/latex/base/latin1.def
File: latin1.def 2004/02/05 v1.0d Input encoding file
))
\sizebox=\box33
\lthtmlwrite=\write5
(./images.aux (/home/musil/engster/test/test/OpenTSTOOL/Doc/Source/Tex/biblio.a
ux))
\openout1 = `images.aux'.

LaTeX Font Info:    Checking defaults for OML/cmm/m/it on input line 167.
LaTeX Font Info:    ... okay on input line 167.
LaTeX Font Info:    Checking defaults for T1/cmr/m/n on input line 167.
LaTeX Font Info:    ... okay on input line 167.
LaTeX Font Info:    Checking defaults for OT1/cmr/m/n on input line 167.
LaTeX Font Info:    ... okay on input line 167.
LaTeX Font Info:    Checking defaults for OMS/cmsy/m/n on input line 167.
LaTeX Font Info:    ... okay on input line 167.
LaTeX Font Info:    Checking defaults for OMX/cmex/m/n on input line 167.
LaTeX Font Info:    ... okay on input line 167.
LaTeX Font Info:    Checking defaults for U/cmr/m/n on input line 167.
LaTeX Font Info:    ... okay on input line 167.
LaTeX Font Info:    Checking defaults for PD1/pdf/m/n on input line 167.
LaTeX Font Info:    ... okay on input line 167.
Package hyperref Info: Link coloring OFF on input line 167.
(/dpi/teTeX/share/texmf-dist/tex/latex/hyperref/nameref.sty
Package: nameref 2003/12/03 v2.21 Cross-referencing by name of section
\c@section@level=\count124
)
LaTeX Info: Redefining \ref on input line 167.
LaTeX Info: Redefining \pageref on input line 167.
\openout3 = `images.out'.


latex2htmlLength hsize=349.0pt

latex2htmlLength vsize=765.37907pt

latex2htmlLength hoffset=0.0pt

latex2htmlLength voffset=0.0pt

latex2htmlLength topmargin=0.0pt

latex2htmlLength topskip=0.00003pt

latex2htmlLength headheight=0.0pt

latex2htmlLength headsep=0.0pt

latex2htmlLength parskip=6.45831pt plus 2.15277pt minus 2.15277pt

latex2htmlLength oddsidemargin=99.58464pt

latex2htmlLength evensidemargin=99.58464pt

l2hSize :tex2html_wrap_inline18004:6.95831pt::6.95831pt::16.05563pt.
[1



]
l2hSize :tex2html_wrap_inline18011:8.0pt::8.0pt::5.50005pt.
[2


]
l2hSize :tex2html_wrap_inline18014:6.45831pt::0.0pt::10.50005pt.
[3


]
l2hSize :tex2html_wrap_inline18033:6.95831pt::6.95831pt::8.27783pt.
[4


]
l2hSize :tex2html_wrap_inline18045:6.45831pt::0.0pt::6.50238pt.
[5


]
l2hSize :tex2html_wrap_inline18057:8.0pt::8.0pt::3.27782pt.
[6


]
l2hSize :tex2html_wrap_inline18059:8.0pt::8.0pt::3.27782pt.
[7


]
l2hSize :tex2html_wrap_indisplay18074:14.20952pt::14.20952pt::17.84454pt.
[8


]
l2hSize :tex2html_wrap_indisplay18075:8.0pt::8.0pt::55.11926pt.
[9


]
l2hSize :tex2html_wrap_indisplay18076:14.20952pt::14.20952pt::17.84454pt.
[10


]
l2hSize :tex2html_wrap_indisplay18077:7.44444pt::7.44444pt::77.34726pt.
[11


]
l2hSize :tex2html_wrap_indisplay18078:14.20952pt::14.20952pt::17.84454pt.
[12


]
l2hSize :tex2html_wrap_indisplay18079:6.95831pt::6.95831pt::55.77208pt.
[13


]
l2hSize :tex2html_wrap_indisplay18081:8.0pt::8.0pt::59.41092pt.
[14


]
l2hSize :tex2html_wrap_indisplay18083:7.44444pt::7.44444pt::67.95831pt.
[15


]
l2hSize :tex2html_wrap_indisplay18085:6.95831pt::6.95831pt::32.54985pt.
[16


]
l2hSize :tex2html_wrap_indisplay18087:6.95831pt::6.95831pt::20.44449pt.
[17


]
l2hSize :tex2html_wrap_indisplay18089:9.14003pt::9.14003pt::119.71402pt.
[18


]
l2hSize :tex2html_wrap_indisplay18091:6.95831pt::6.95831pt::15.3831pt.
[19


]
l2hSize :tex2html_wrap_indisplay18093:6.95831pt::6.95831pt::49.83337pt.
[20


]
l2hSize :tex2html_wrap_indisplay18095:6.95831pt::6.95831pt::55.11926pt.
[21


]
l2hSize :tex2html_wrap_indisplay18097:8.0pt::8.0pt::70.67473pt.
[22


]
l2hSize :tex2html_wrap_indisplay18099:8.0pt::8.0pt::127.64685pt.
[23


]
l2hSize :tex2html_wrap_indisplay18101:6.95831pt::6.95831pt::20.44449pt.
[24


]
l2hSize :tex2html_wrap_indisplay18103:9.14003pt::9.14003pt::132.85754pt.
[25


]
l2hSize :tex2html_wrap_indisplay18107:8.0pt::8.0pt::118.62373pt.
[26


]
l2hSize :tex2html_wrap_inline18112:6.95831pt::6.95831pt::8.27783pt.
[27


]
l2hSize :tex2html_wrap_inline18123:6.95831pt::6.95831pt::8.27783pt.
[28


]
l2hSize :tex2html_wrap_indisplay18162:14.76508pt::14.76508pt::140.63953pt.
[29


]
l2hSize :tex2html_wrap_inline18179:8.0pt::8.0pt::54.19452pt.
[30


]
l2hSize :tex2html_wrap_inline18189:7.9067pt::0.0pt::24.59402pt.
[31


]
l2hSize :tex2html_wrap_inline18200:8.0pt::8.0pt::34.11484pt.
[32


]
l2hSize :tex2html_wrap_inline18202:6.94444pt::0.0pt::6.02087pt.
[33


]
l2hSize :tex2html_wrap_inline18217:8.14003pt::0.0pt::9.98618pt.
[34


]
l2hSize :tex2html_wrap_inline18219:7.9067pt::0.0pt::24.59402pt.
[35


]
l2hSize :tex2html_wrap_inline18221:7.9067pt::0.0pt::13.43764pt.
[36


]
l2hSize :tex2html_wrap_inline18256:7.33331pt::7.33331pt::17.0559pt.
[37


]
l2hSize :tex2html_wrap_indisplay18262:14.76508pt::14.76508pt::138.407pt.
[38


]
l2hSize :tex2html_wrap_inline18266:7.33331pt::7.33331pt::25.60391pt.
[39


]
l2hSize :tex2html_wrap_indisplay18272:15.4051pt::15.4051pt::151.85226pt.
[40


]
l2hSize :tex2html_wrap_inline18394:8.14003pt::0.0pt::4.98616pt.
[41


] (./images.aux) ) 
Here is how much of TeX's memory you used:
 5164 strings out of 94501
 67476 string characters out of 1174995
 146292 words of memory out of 1000000
 8313 multiletter control sequences out of 10000+50000
 4598 words of font info for 19 fonts, out of 500000 for 2000
 580 hyphenation exceptions out of 1000
 32i,6n,42p,255b,247s stack positions out of 1500i,500n,5000p,200000b,5000s

Output written on images.dvi (41 pages, 28820 bytes).
